<?xml version="1.0" encoding="UTF-8"?>
<!-- Generated by org.testng.reporters.JUnitReportReporter -->
<testsuite skipped="0" hostname="DESKTOP-UTNBLA4" name="tests.SdosTest02" tests="1" failures="0" timestamp="03 nov 2018 16:37:28 GMT" time="0.377" errors="0">
  <testcase name="AbrirPaginaSdos" time="0.377" classname="tests.SdosTest02"/>
</testsuite> <!-- tests.SdosTest02 -->
