<?xml version="1.0" encoding="UTF-8"?>
<!-- Generated by org.testng.reporters.JUnitReportReporter -->
<testsuite skipped="0" hostname="DESKTOP-UTNBLA4" name="tests.SdosTest01" tests="5" failures="0" timestamp="03 nov 2018 16:37:28 GMT" time="40.294" errors="0">
  <testcase name="AbrirPaginaSdos" time="0.334" classname="tests.SdosTest01"/>
  <testcase name="EmpleoClick" time="7.215" classname="tests.SdosTest01"/>
  <testcase name="NavegarApartados" time="23.523" classname="tests.SdosTest01"/>
  <testcase name="HacerBusqueda" time="2.711" classname="tests.SdosTest01"/>
  <testcase name="SuscripcionClick" time="6.511" classname="tests.SdosTest01"/>
</testsuite> <!-- tests.SdosTest01 -->
