<?xml version="1.0" encoding="UTF-8"?>
<!-- Generated by org.testng.reporters.JUnitReportReporter -->
<testsuite skipped="0" hostname="DESKTOP-UTNBLA4" name="tests.Test99GuruLogin" tests="1" failures="0" timestamp="02 nov 2018 16:08:06 GMT" time="1.737" errors="0">
  <testcase name="test_Home_Page_Appear_Correct" time="1.737" classname="tests.Test99GuruLogin"/>
</testsuite> <!-- tests.Test99GuruLogin -->
