<?xml version="1.0" encoding="UTF-8"?>
<!-- Generated by org.testng.reporters.JUnitReportReporter -->
<testsuite skipped="0" hostname="DESKTOP-UTNBLA4" name="tests.SdosTest" tests="1" failures="0" timestamp="03 nov 2018 10:30:06 GMT" time="0.070" errors="0">
  <testcase name="test_Home_Page_Appear_Correct" time="0.070" classname="tests.SdosTest"/>
</testsuite> <!-- tests.SdosTest -->
