<?xml version="1.0" encoding="UTF-8"?>
<!-- Generated by org.testng.reporters.JUnitReportReporter -->
<testsuite skipped="0" hostname="DESKTOP-UTNBLA4" name="tests.SdosTest05" tests="1" failures="0" timestamp="04 nov 2018 16:41:13 GMT" time="6.724" errors="0">
  <testcase name="SuscripcionClick" time="6.724" classname="tests.SdosTest05"/>
</testsuite> <!-- tests.SdosTest05 -->
