<?xml version="1.0" encoding="UTF-8"?>
<!-- Generated by org.testng.reporters.JUnitReportReporter -->
<testsuite skipped="0" hostname="DESKTOP-UTNBLA4" name="tests.SdosTest03" tests="1" failures="0" timestamp="04 nov 2018 16:47:20 GMT" time="7.474" errors="0">
  <testcase name="EmpleoClick" time="7.474" classname="tests.SdosTest03"/>
</testsuite> <!-- tests.SdosTest03 -->
