<?xml version="1.0" encoding="UTF-8"?>
<!-- Generated by org.testng.reporters.JUnitReportReporter -->
<testsuite skipped="0" hostname="DESKTOP-UTNBLA4" name="tests.SdosTest01" tests="1" failures="0" timestamp="04 nov 2018 16:47:20 GMT" time="0.263" errors="0">
  <testcase name="AbrirPaginaSdos" time="0.263" classname="tests.SdosTest01"/>
</testsuite> <!-- tests.SdosTest01 -->
