<?xml version="1.0" encoding="UTF-8"?>
<!-- Generated by org.testng.reporters.JUnitReportReporter -->
<testsuite skipped="0" hostname="DESKTOP-UTNBLA4" name="tests.SdosTest04" tests="1" failures="0" timestamp="04 nov 2018 18:56:20 GMT" time="3.540" errors="0">
  <testcase name="HacerBusqueda" time="3.540" classname="tests.SdosTest04"/>
</testsuite> <!-- tests.SdosTest04 -->
