<?xml version="1.0" encoding="UTF-8"?>
<!-- Generated by org.testng.reporters.JUnitReportReporter -->
<testsuite skipped="0" hostname="DESKTOP-UTNBLA4" name="tests.SdosTest05" tests="1" failures="0" timestamp="04 nov 2018 18:56:20 GMT" time="7.329" errors="0">
  <testcase name="SuscripcionClick" time="7.329" classname="tests.SdosTest05"/>
</testsuite> <!-- tests.SdosTest05 -->
